manifest_merge_blame_file/debug/manifest-merger-blame-debug-report.txt
1<?xml version="1.0" encoding="utf-8"?>
2<manifest xmlns:android="http://schemas.android.com/apk/res/android"
3    package="com.example.heyparkingproject"
4    android:versionCode="1"
5    android:versionName="1.0" >
6
7    <uses-sdk
8        android:minSdkVersion="21"
8-->src\main\AndroidManifest.xml
9        android:targetSdkVersion="31" />
9-->src\main\AndroidManifest.xml
10
11    <!-- Include required permissions for Google Maps API to run. -->
12    <uses-permission android:name="android.permission.ACCESS_NETWORK_STATE" />
12-->[com.google.android.gms:play-services-maps:18.0.2] AndroidManifest.xml:23:5-79
12-->[com.google.android.gms:play-services-maps:18.0.2] AndroidManifest.xml:23:22-76
13    <uses-permission android:name="android.permission.INTERNET" />
13-->[com.google.android.gms:play-services-maps:18.0.2] AndroidManifest.xml:24:5-67
13-->[com.google.android.gms:play-services-maps:18.0.2] AndroidManifest.xml:24:22-64
14
15    <uses-feature
15-->[com.google.android.gms:play-services-maps:18.0.2] AndroidManifest.xml:26:5-28:35
16        android:glEsVersion="0x00020000"
16-->[com.google.android.gms:play-services-maps:18.0.2] AndroidManifest.xml:27:9-41
17        android:required="true" />
17-->[com.google.android.gms:play-services-maps:18.0.2] AndroidManifest.xml:28:9-32
18
19    <queries>
19-->[com.google.android.gms:play-services-maps:18.0.2] AndroidManifest.xml:30:5-34:15
20
21        <!-- Needs to be explicitly declared on Android R+ -->
22        <package android:name="com.google.android.apps.maps" />
22-->[com.google.android.gms:play-services-maps:18.0.2] AndroidManifest.xml:33:9-64
22-->[com.google.android.gms:play-services-maps:18.0.2] AndroidManifest.xml:33:18-61
23    </queries>
24
25    <application
25-->src\main\AndroidManifest.xml:5:5-73:19
26        android:allowBackup="true"
26-->src\main\AndroidManifest.xml:6:9-35
27        android:appComponentFactory="androidx.core.app.CoreComponentFactory"
27-->[androidx.core:core:1.7.0] AndroidManifest.xml:24:18-86
28        android:debuggable="true"
29        android:icon="@mipmap/ic_launcher"
29-->src\main\AndroidManifest.xml:7:9-43
30        android:label="@string/app_name"
30-->src\main\AndroidManifest.xml:8:9-41
31        android:roundIcon="@mipmap/ic_launcher_round"
31-->src\main\AndroidManifest.xml:9:9-54
32        android:supportsRtl="true"
32-->src\main\AndroidManifest.xml:10:9-35
33        android:testOnly="true"
34        android:theme="@style/Theme.HeyParkingProject" >
34-->src\main\AndroidManifest.xml:11:9-55
35        <activity
35-->src\main\AndroidManifest.xml:12:9-14:40
36            android:name="com.example.heyparkingproject.MainActivity4"
36-->src\main\AndroidManifest.xml:13:13-42
37            android:exported="false" />
37-->src\main\AndroidManifest.xml:14:13-37
38        <activity
38-->src\main\AndroidManifest.xml:15:9-24:20
39            android:name="com.example.heyparkingproject.MainActivity"
39-->src\main\AndroidManifest.xml:16:13-41
40            android:exported="true"
40-->src\main\AndroidManifest.xml:17:13-36
41            android:label="@string/title_activity_maps" >
41-->src\main\AndroidManifest.xml:18:13-56
42            <intent-filter>
42-->src\main\AndroidManifest.xml:19:13-23:29
43                <action android:name="android.intent.action.MAIN" />
43-->src\main\AndroidManifest.xml:20:17-69
43-->src\main\AndroidManifest.xml:20:25-66
44
45                <category android:name="android.intent.category.LAUNCHER" />
45-->src\main\AndroidManifest.xml:22:17-77
45-->src\main\AndroidManifest.xml:22:27-74
46            </intent-filter>
47        </activity>
48        <activity
48-->src\main\AndroidManifest.xml:25:9-34:20
49            android:name="com.example.heyparkingproject.ui.login.LoginActivity"
49-->src\main\AndroidManifest.xml:26:13-51
50            android:exported="true"
50-->src\main\AndroidManifest.xml:27:13-36
51            android:label="@string/title_activity_login" >
51-->src\main\AndroidManifest.xml:28:13-57
52            <intent-filter>
52-->src\main\AndroidManifest.xml:19:13-23:29
53                <action android:name="android.intent.action.MAIN" />
53-->src\main\AndroidManifest.xml:20:17-69
53-->src\main\AndroidManifest.xml:20:25-66
54
55                <category android:name="android.intent.category.LAUNCHER" />
55-->src\main\AndroidManifest.xml:22:17-77
55-->src\main\AndroidManifest.xml:22:27-74
56            </intent-filter>
57        </activity>
58        <activity
58-->src\main\AndroidManifest.xml:35:9-44:20
59            android:name="com.example.heyparkingproject.MainActivity3"
59-->src\main\AndroidManifest.xml:36:13-42
60            android:exported="true"
60-->src\main\AndroidManifest.xml:37:13-36
61            android:label="@string/title_activity_login" >
61-->src\main\AndroidManifest.xml:38:13-57
62            <intent-filter>
62-->src\main\AndroidManifest.xml:19:13-23:29
63                <action android:name="android.intent.action.MAIN" />
63-->src\main\AndroidManifest.xml:20:17-69
63-->src\main\AndroidManifest.xml:20:25-66
64
65                <category android:name="android.intent.category.LAUNCHER" />
65-->src\main\AndroidManifest.xml:22:17-77
65-->src\main\AndroidManifest.xml:22:27-74
66            </intent-filter>
67        </activity>
68        <activity
68-->src\main\AndroidManifest.xml:45:9-47:40
69            android:name="com.example.heyparkingproject.MainActivity2"
69-->src\main\AndroidManifest.xml:46:13-42
70            android:exported="false" />
70-->src\main\AndroidManifest.xml:47:13-37
71        <!--
72             TODO: Before you run your application, you need a Google Maps API key.
73
74             To get one, follow the directions here:
75
76                https://developers.google.com/maps/documentation/android-sdk/get-api-key
77
78             Once you have your API key (it starts with "AIza"), define a new property in your
79             project's local.properties file (e.g. MAPS_API_KEY=Aiza...), and replace the
80             "YOUR_API_KEY" string in this file with "${MAPS_API_KEY}".
81        -->
82        <meta-data
82-->src\main\AndroidManifest.xml:59:9-61:71
83            android:name="com.google.android.geo.API_KEY"
83-->src\main\AndroidManifest.xml:60:13-58
84            android:value="AIzaSyCZ2KJEZZI1Y1NlD7uDOVsdqLoR-W7n8JE" />
84-->src\main\AndroidManifest.xml:61:13-68
85
86        <activity
86-->src\main\AndroidManifest.xml:63:9-72:20
87            android:name="com.example.heyparkingproject.MapsActivity"
87-->src\main\AndroidManifest.xml:64:13-41
88            android:exported="true"
88-->src\main\AndroidManifest.xml:65:13-36
89            android:label="@string/title_activity_maps" >
89-->src\main\AndroidManifest.xml:66:13-56
90            <intent-filter>
90-->src\main\AndroidManifest.xml:19:13-23:29
91                <action android:name="android.intent.action.MAIN" />
91-->src\main\AndroidManifest.xml:20:17-69
91-->src\main\AndroidManifest.xml:20:25-66
92
93                <category android:name="android.intent.category.LAUNCHER" />
93-->src\main\AndroidManifest.xml:22:17-77
93-->src\main\AndroidManifest.xml:22:27-74
94            </intent-filter>
95        </activity>
96        <!-- Needs to be explicitly declared on P+ -->
97        <uses-library
97-->[com.google.android.gms:play-services-maps:18.0.2] AndroidManifest.xml:39:9-41:40
98            android:name="org.apache.http.legacy"
98-->[com.google.android.gms:play-services-maps:18.0.2] AndroidManifest.xml:40:13-50
99            android:required="false" />
99-->[com.google.android.gms:play-services-maps:18.0.2] AndroidManifest.xml:41:13-37
100
101        <activity
101-->[com.google.android.gms:play-services-base:18.0.1] AndroidManifest.xml:20:9-22:45
102            android:name="com.google.android.gms.common.api.GoogleApiActivity"
102-->[com.google.android.gms:play-services-base:18.0.1] AndroidManifest.xml:20:19-85
103            android:exported="false"
103-->[com.google.android.gms:play-services-base:18.0.1] AndroidManifest.xml:22:19-43
104            android:theme="@android:style/Theme.Translucent.NoTitleBar" />
104-->[com.google.android.gms:play-services-base:18.0.1] AndroidManifest.xml:21:19-78
105
106        <meta-data
106-->[com.google.android.gms:play-services-basement:18.0.0] AndroidManifest.xml:21:9-23:69
107            android:name="com.google.android.gms.version"
107-->[com.google.android.gms:play-services-basement:18.0.0] AndroidManifest.xml:22:13-58
108            android:value="@integer/google_play_services_version" />
108-->[com.google.android.gms:play-services-basement:18.0.0] AndroidManifest.xml:23:13-66
109
110        <provider
110-->[androidx.emoji2:emoji2:1.0.0] AndroidManifest.xml:26:9-34:20
111            android:name="androidx.startup.InitializationProvider"
111-->[androidx.emoji2:emoji2:1.0.0] AndroidManifest.xml:27:13-67
112            android:authorities="com.example.heyparkingproject.androidx-startup"
112-->[androidx.emoji2:emoji2:1.0.0] AndroidManifest.xml:28:13-68
113            android:exported="false" >
113-->[androidx.emoji2:emoji2:1.0.0] AndroidManifest.xml:29:13-37
114            <meta-data
114-->[androidx.emoji2:emoji2:1.0.0] AndroidManifest.xml:31:13-33:52
115                android:name="androidx.emoji2.text.EmojiCompatInitializer"
115-->[androidx.emoji2:emoji2:1.0.0] AndroidManifest.xml:32:17-75
116                android:value="androidx.startup" />
116-->[androidx.emoji2:emoji2:1.0.0] AndroidManifest.xml:33:17-49
117            <meta-data
117-->[androidx.lifecycle:lifecycle-process:2.4.0] AndroidManifest.xml:31:13-33:52
118                android:name="androidx.lifecycle.ProcessLifecycleInitializer"
118-->[androidx.lifecycle:lifecycle-process:2.4.0] AndroidManifest.xml:32:17-78
119                android:value="androidx.startup" />
119-->[androidx.lifecycle:lifecycle-process:2.4.0] AndroidManifest.xml:33:17-49
120        </provider>
121    </application>
122
123</manifest>